Filename                                   Regions    Missed Regions     Cover   Functions  Missed Functions  Executed       Lines      Missed Lines     Cover    Branches   Missed Branches     Cover
------------------------------------------------------------------------------------------------------------------------------------------------------------------------------------------------------
/Users/andy/chess-training/src/main.rs           2                 0   100.00%           2                 0   100.00%           6                 0   100.00%           0                 0         -
------------------------------------------------------------------------------------------------------------------------------------------------------------------------------------------------------
TOTAL                                            2                 0   100.00%           2                 0   100.00%           6                 0   100.00%           0                 0         -
