TN:
SF:src/App.tsx
FN:23,useSessionState
FN:26,buildOverview
FN:50,scheduleDateForLine
FN:56,scheduleOpeningLine
FN:62,linesMatch
FN:68,augmentOverviewWithImports
FN:90,useStartTimestamp
FN:100,useSessionLifecycle
FN:106,SessionRoutes
FN:121,handleGrade
FN:126,handleBoardResult
FN:162,isTextEntryTarget
FN:175,isColonKeyPressed
FN:180,App
FN:185,buildNavigationHandler
FN:193,onUnknownCommand
FN:210,handleKeyDown
FN:237,handleImportLine
FN:248,handleOpenConsole
FN:251,handleCloseConsole
FNF:20
FNH:20
FNDA:68,useSessionState
FNDA:24,buildOverview
FNDA:1,scheduleDateForLine
FNDA:1,scheduleOpeningLine
FNDA:1,linesMatch
FNDA:25,augmentOverviewWithImports
FNDA:68,useStartTimestamp
FNDA:68,useSessionLifecycle
FNDA:68,SessionRoutes
FNDA:1,handleGrade
FNDA:1,handleBoardResult
FNDA:14,isTextEntryTarget
FNDA:96,isColonKeyPressed
FNDA:68,App
FNDA:92,buildNavigationHandler
FNDA:3,onUnknownCommand
FNDA:96,handleKeyDown
FNDA:2,handleImportLine
FNDA:2,handleOpenConsole
FNDA:5,handleCloseConsole
DA:3,1
DA:4,1
DA:6,1
DA:7,1
DA:8,1
DA:9,1
DA:10,1
DA:11,1
DA:14,1
DA:15,1
DA:17,1
DA:20,1
DA:21,1
DA:23,1
DA:24,68
DA:26,1
DA:27,24
DA:28,24
DA:29,1
DA:30,1
DA:32,23
DA:33,23
DA:34,23
DA:35,24
DA:37,24
DA:38,24
DA:39,24
DA:40,24
DA:41,24
DA:42,24
DA:43,24
DA:44,24
DA:45,24
DA:46,24
DA:47,24
DA:48,24
DA:50,1
DA:51,1
DA:52,1
DA:53,1
DA:54,1
DA:56,1
DA:57,1
DA:58,1
DA:59,1
DA:60,1
DA:62,1
DA:63,1
DA:64,1
DA:65,1
DA:66,1
DA:68,1
DA:69,25
DA:70,25
DA:71,25
DA:72,25
DA:73,25
DA:74,25
DA:75,25
DA:76,1
DA:77,1
DA:78,1
DA:79,1
DA:80,25
DA:81,25
DA:82,25
DA:90,1
DA:91,68
DA:92,68
DA:93,24
DA:94,24
DA:95,24
DA:96,68
DA:97,68
DA:98,68
DA:100,1
DA:101,68
DA:102,24
DA:103,68
DA:104,68
DA:106,1
DA:107,68
DA:108,68
DA:109,68
DA:111,68
DA:113,68
DA:114,68
DA:115,68
DA:116,68
DA:117,68
DA:118,68
DA:119,68
DA:121,68
DA:122,1
DA:123,1
DA:124,1
DA:126,68
DA:127,1
DA:128,1
DA:130,68
DA:131,68
DA:132,68
DA:133,68
DA:134,68
DA:135,68
DA:136,68
DA:137,68
DA:138,68
DA:139,68
DA:140,68
DA:141,68
DA:142,68
DA:144,68
DA:145,68
DA:146,68
DA:147,68
DA:148,68
DA:149,68
DA:150,68
DA:151,68
DA:152,68
DA:153,68
DA:155,68
DA:156,68
DA:157,68
DA:158,68
DA:160,68
DA:162,1
DA:163,14
DA:164,1
DA:165,1
DA:167,13
DA:168,14
DA:169,1
DA:170,1
DA:172,14
DA:173,14
DA:175,1
DA:177,96
DA:178,96
DA:180,1
DA:181,68
DA:182,68
DA:183,68
DA:184,68
DA:185,46
DA:186,92
DA:187,2
DA:188,2
DA:189,2
DA:190,92
DA:192,46
DA:193,46
DA:194,3
DA:195,3
DA:196,46
DA:197,46
DA:198,46
DA:199,46
DA:200,46
DA:201,46
DA:202,46
DA:203,46
DA:204,46
DA:205,46
DA:206,46
DA:207,68
DA:209,68
DA:210,45
DA:211,96
DA:213,96
DA:214,14
DA:215,2
DA:216,2
DA:218,12
DA:219,12
DA:220,12
DA:221,12
DA:223,96
DA:224,3
DA:225,2
DA:226,2
DA:227,2
DA:228,3
DA:229,96
DA:231,45
DA:232,45
DA:233,45
DA:234,45
DA:235,68
DA:237,68
DA:238,2
DA:239,2
DA:240,1
DA:241,1
DA:243,1
DA:244,1
DA:245,1
DA:246,2
DA:248,68
DA:249,2
DA:250,2
DA:251,68
DA:252,5
DA:253,5
DA:255,68
DA:256,68
DA:257,6
DA:258,6
DA:259,68
DA:260,68
DA:262,68
DA:263,68
DA:264,68
DA:265,68
DA:266,68
DA:267,68
DA:268,68
DA:269,68
DA:270,68
DA:271,68
DA:272,68
DA:273,68
DA:274,68
DA:275,68
DA:277,68
DA:279,1
LF:227
LH:227
BRDA:23,0,0,68
BRDA:26,1,0,24
BRDA:28,2,0,1
BRDA:30,3,0,23
BRDA:35,4,0,1
BRDA:35,5,0,22
BRDA:50,6,0,1
BRDA:56,7,0,1
BRDA:62,8,0,1
BRDA:66,9,0,5
BRDA:68,10,0,25
BRDA:75,11,0,1
BRDA:90,12,0,68
BRDA:92,13,0,24
BRDA:100,14,0,68
BRDA:101,15,0,24
BRDA:106,16,0,68
BRDA:119,17,0,67
BRDA:119,18,0,1
BRDA:113,19,0,24
BRDA:115,20,0,25
BRDA:121,21,0,1
BRDA:126,22,0,1
BRDA:162,23,0,14
BRDA:163,24,0,1
BRDA:165,25,0,13
BRDA:168,26,0,1
BRDA:170,27,0,12
BRDA:172,28,0,11
BRDA:172,29,0,11
BRDA:175,30,0,96
BRDA:177,31,0,86
BRDA:177,32,0,5
BRDA:180,33,0,68
BRDA:184,34,0,46
BRDA:185,35,0,92
BRDA:186,36,0,2
BRDA:193,37,0,3
BRDA:209,38,0,45
BRDA:210,39,0,96
BRDA:213,40,0,14
BRDA:213,41,0,14
BRDA:213,42,0,14
BRDA:213,43,0,14
BRDA:214,44,0,2
BRDA:216,45,0,12
BRDA:221,46,0,82
BRDA:223,47,0,3
BRDA:224,48,0,2
BRDA:232,49,0,45
BRDA:237,50,0,2
BRDA:239,51,0,1
BRDA:238,52,0,1
BRDA:244,53,0,1
BRDA:248,54,0,2
BRDA:251,55,0,5
BRDA:256,56,0,6
BRF:57
BRH:57
end_of_record
TN:
SF:src/clients/sessionGateway.ts
FN:30,hasBody
FN:33,toRequestInit
FN:43,request
FN:52,normalizeConfig
FN:64,startSession
FN:70,grade
FN:80,stats
FNF:7
FNH:7
FNDA:6,hasBody
FNDA:6,toRequestInit
FNDA:6,request
FNDA:4,normalizeConfig
FNDA:2,startSession
FNDA:2,grade
FNDA:2,stats
DA:30,1
DA:31,6
DA:33,1
DA:34,6
DA:35,4
DA:36,4
DA:38,2
DA:39,2
DA:40,2
DA:41,2
DA:43,6
DA:44,6
DA:45,6
DA:46,6
DA:47,3
DA:48,3
DA:49,3
DA:50,3
DA:52,4
DA:53,4
DA:54,4
DA:55,4
DA:56,4
DA:57,4
DA:58,4
DA:59,4
DA:60,4
DA:61,4
DA:63,1
DA:64,1
DA:65,2
DA:66,2
DA:67,2
DA:68,2
DA:69,2
DA:70,1
DA:71,2
DA:72,2
DA:73,2
DA:74,2
DA:75,2
DA:76,2
DA:77,2
DA:78,2
DA:79,2
DA:80,1
DA:81,2
DA:82,2
DA:83,1
LF:49
LH:49
BRDA:13,0,0,1
BRDA:30,1,0,6
BRDA:33,2,0,6
BRDA:34,3,0,4
BRDA:36,4,0,2
BRDA:43,5,0,6
BRDA:44,6,0,0
BRDA:46,7,0,3
BRDA:52,8,0,4
BRDA:64,9,0,2
BRDA:70,10,0,2
BRDA:80,11,0,2
BRF:12
BRH:11
end_of_record
TN:
SF:src/components/CommandConsole.tsx
FN:15,CommandConsole
FN:92,resetFocus
FN:98,handleKeyDown
FN:104,handleSubmit
FN:167,onSubmit
FN:179,onChange
FNF:6
FNH:6
FNDA:183,CommandConsole
FNDA:4,resetFocus
FNDA:47,handleKeyDown
FNDA:10,handleSubmit
FNDA:10,onSubmit
FNDA:38,onChange
DA:1,1
DA:4,1
DA:13,1
DA:15,1
DA:16,183
DA:17,183
DA:18,183
DA:19,183
DA:20,183
DA:21,183
DA:22,183
DA:23,183
DA:24,183
DA:25,183
DA:27,183
DA:28,69
DA:29,32
DA:30,32
DA:31,32
DA:32,32
DA:34,65
DA:35,30
DA:36,30
DA:38,7
DA:39,7
DA:40,6
DA:41,6
DA:42,7
DA:44,7
DA:45,7
DA:46,7
DA:47,183
DA:49,183
DA:50,48
DA:51,48
DA:52,18
DA:53,18
DA:54,48
DA:55,183
DA:57,183
DA:58,49
DA:59,31
DA:60,31
DA:61,183
DA:63,183
DA:64,49
DA:65,31
DA:66,31
DA:68,18
DA:69,18
DA:70,18
DA:71,183
DA:73,183
DA:74,41
DA:75,41
DA:76,7
DA:77,7
DA:78,41
DA:79,183
DA:81,183
DA:82,41
DA:83,41
DA:84,7
DA:85,7
DA:86,41
DA:87,183
DA:89,183
DA:90,183
DA:92,183
DA:93,4
DA:94,4
DA:95,4
DA:96,4
DA:98,183
DA:99,47
DA:100,9
DA:101,9
DA:102,47
DA:104,183
DA:105,10
DA:106,10
DA:107,10
DA:109,10
DA:110,10
DA:112,10
DA:113,2
DA:114,1
DA:115,1
DA:116,1
DA:117,1
DA:118,1
DA:119,1
DA:121,8
DA:123,10
DA:124,3
DA:125,3
DA:126,3
DA:128,5
DA:129,10
DA:131,183
DA:132,183
DA:133,183
DA:134,183
DA:135,183
DA:136,183
DA:137,183
DA:138,183
DA:140,183
DA:141,183
DA:142,183
DA:143,114
DA:144,114
DA:145,114
DA:146,114
DA:147,114
DA:148,114
DA:150,114
DA:151,114
DA:152,114
DA:153,114
DA:154,114
DA:155,114
DA:156,114
DA:157,114
DA:158,114
DA:159,114
DA:160,114
DA:161,114
DA:163,114
DA:164,114
DA:165,114
DA:166,114
DA:167,114
DA:168,10
DA:169,10
DA:171,114
DA:172,114
DA:173,114
DA:174,114
DA:175,114
DA:176,114
DA:177,114
DA:178,114
DA:179,114
DA:180,38
DA:181,38
DA:182,114
DA:183,114
DA:184,114
DA:185,114
DA:186,114
DA:187,114
DA:189,183
DA:191,183
LF:154
LH:154
BRDA:15,0,0,183
BRDA:89,1,0,83
BRDA:90,2,0,83
BRDA:136,3,0,107
BRDA:136,4,0,76
BRDA:137,5,0,107
BRDA:137,6,0,76
BRDA:140,7,0,107
BRDA:140,8,0,76
BRDA:142,9,0,114
BRDA:27,10,0,69
BRDA:28,11,0,32
BRDA:32,12,0,65
BRDA:32,13,0,37
BRDA:34,14,0,30
BRDA:36,15,0,7
BRDA:39,16,0,6
BRDA:44,17,0,7
BRDA:49,18,0,48
BRDA:51,19,0,18
BRDA:57,20,0,49
BRDA:58,21,0,31
BRDA:63,22,0,49
BRDA:64,23,0,31
BRDA:66,24,0,18
BRDA:73,25,0,41
BRDA:75,26,0,7
BRDA:81,27,0,41
BRDA:83,28,0,7
BRDA:92,29,0,4
BRDA:98,30,0,47
BRDA:99,31,0,9
BRDA:100,32,0,7
BRDA:104,33,0,10
BRDA:112,34,0,8
BRDA:112,35,0,2
BRDA:113,36,0,1
BRDA:123,37,0,7
BRDA:123,38,0,3
BRDA:126,39,0,5
BRDA:167,40,0,10
BRDA:179,41,0,38
BRF:42
BRH:42
end_of_record
TN:
SF:src/components/OpeningReviewBoard.tsx
FN:36,OpeningReviewBoard
FN:96,clearErrorHighlight
FN:104,showErrorHighlight
FN:121,attemptMove
FN:147,handleDrop
FN:159,handleBoardClick
FN:283,updateSelectedSquareAttribute
FN:292,extractSquareFromEvent
FN:306,applyMove
FN:314,isSquare
FN:322,extractTeachingArrow
FN:342,updateTeachingArrow
FN:350,toUci
FN:355,chooseGrade
FNF:14
FNH:14
FNDA:79,OpeningReviewBoard
FNDA:32,clearErrorHighlight
FNDA:10,showErrorHighlight
FNDA:10,attemptMove
FNDA:9,handleDrop
FNDA:16,handleBoardClick
FNDA:44,updateSelectedSquareAttribute
FNDA:16,extractSquareFromEvent
FNDA:10,applyMove
FNDA:39,isSquare
FNDA:106,extractTeachingArrow
FNDA:31,updateTeachingArrow
FNDA:9,toUci
FNDA:9,chooseGrade
DA:2,1
DA:4,1
DA:8,1
DA:10,1
DA:11,1
DA:26,1
DA:27,1
DA:29,1
DA:30,1
DA:31,1
DA:32,24
DA:33,1
DA:34,1
DA:36,1
DA:37,79
DA:38,79
DA:39,79
DA:40,79
DA:41,79
DA:42,79
DA:43,79
DA:44,79
DA:45,79
DA:46,79
DA:48,79
DA:49,44
DA:50,44
DA:54,0
DA:56,44
DA:57,79
DA:59,79
DA:60,79
DA:61,79
DA:62,79
DA:64,79
DA:65,35
DA:66,79
DA:68,79
DA:69,27
DA:70,27
DA:71,27
DA:73,27
DA:74,0
DA:75,0
DA:76,0
DA:77,79
DA:79,79
DA:80,27
DA:81,27
DA:82,27
DA:83,27
DA:84,27
DA:86,27
DA:92,27
DA:93,27
DA:94,27
DA:96,27
DA:97,32
DA:98,7
DA:99,7
DA:100,7
DA:101,32
DA:102,32
DA:104,27
DA:108,0
DA:110,10
DA:111,1
DA:112,1
DA:114,10
DA:115,10
DA:116,2
DA:117,2
DA:118,10
DA:119,10
DA:121,27
DA:122,10
DA:123,10
DA:124,1
DA:125,1
DA:126,1
DA:128,9
DA:129,9
DA:130,9
DA:132,9
DA:134,10
DA:135,5
DA:136,5
DA:137,5
DA:138,10
DA:139,4
DA:140,4
DA:141,4
DA:143,9
DA:144,9
DA:145,10
DA:147,27
DA:148,9
DA:149,9
DA:150,1
DA:151,1
DA:153,9
DA:154,7
DA:155,7
DA:156,7
DA:157,9
DA:159,27
DA:160,16
DA:161,16
DA:162,1
DA:163,1
DA:165,15
DA:167,16
DA:168,6
DA:169,2
DA:170,2
DA:171,2
DA:172,2
DA:174,4
DA:175,4
DA:176,4
DA:177,4
DA:178,4
DA:179,4
DA:180,3
DA:182,6
DA:183,2
DA:184,2
DA:185,2
DA:187,2
DA:188,2
DA:189,6
DA:190,1
DA:191,1
DA:193,2
DA:194,2
DA:195,2
DA:196,2
DA:198,2
DA:199,2
DA:201,9
DA:202,16
DA:203,3
DA:204,3
DA:205,3
DA:207,6
DA:208,6
DA:209,6
DA:210,6
DA:211,6
DA:212,16
DA:214,27
DA:215,27
DA:216,27
DA:217,27
DA:218,27
DA:219,27
DA:220,27
DA:221,79
DA:223,79
DA:225,79
DA:226,79
DA:227,79
DA:228,79
DA:229,79
DA:230,79
DA:231,79
DA:232,79
DA:234,79
DA:235,79
DA:236,79
DA:237,79
DA:238,79
DA:239,79
DA:240,79
DA:241,79
DA:242,79
DA:244,79
DA:245,79
DA:246,79
DA:247,79
DA:248,79
DA:249,79
DA:250,79
DA:251,79
DA:252,79
DA:253,79
DA:254,79
DA:255,79
DA:256,79
DA:257,5056
DA:258,5056
DA:259,5056
DA:261,5056
DA:262,5056
DA:263,5056
DA:264,5056
DA:265,5056
DA:267,5056
DA:269,5056
DA:270,5056
DA:271,5056
DA:272,5056
DA:273,5056
DA:274,5056
DA:275,5056
DA:277,79
DA:278,79
DA:279,79
DA:280,79
DA:283,79
DA:284,44
DA:285,6
DA:286,44
DA:287,38
DA:288,38
DA:289,44
DA:290,79
DA:292,16
DA:293,16
DA:294,16
DA:295,23
DA:296,21
DA:297,21
DA:298,15
DA:299,15
DA:300,21
DA:301,23
DA:303,1
DA:304,1
DA:306,10
DA:307,10
DA:308,10
DA:309,10
DA:310,10
DA:311,10
DA:312,10
DA:314,39
DA:315,39
DA:316,6
DA:317,6
DA:319,33
DA:320,33
DA:322,106
DA:323,106
DA:324,84
DA:325,84
DA:327,22
DA:328,92
DA:329,3
DA:330,3
DA:332,19
DA:333,19
DA:335,106
DA:336,3
DA:337,3
DA:339,16
DA:340,16
DA:342,31
DA:343,31
DA:344,6
DA:345,31
DA:346,25
DA:347,25
DA:348,31
DA:350,9
DA:351,9
DA:352,9
DA:353,9
DA:355,9
DA:356,9
DA:357,9
LF:271
LH:266
BRDA:31,0,0,24
BRDA:32,1,0,192
BRDA:36,2,0,79
BRDA:39,3,0,3
BRDA:48,4,0,44
BRDA:52,5,0,1
BRDA:60,6,0,26
BRDA:64,7,0,35
BRDA:68,8,0,27
BRDA:73,9,0,0
BRDA:79,10,0,27
BRDA:80,11,0,1
BRDA:88,12,0,1
BRDA:96,13,0,32
BRDA:97,14,0,7
BRDA:104,15,0,10
BRDA:106,16,0,1
BRDA:110,17,0,1
BRDA:115,18,0,2
BRDA:121,19,0,10
BRDA:123,20,0,1
BRDA:126,21,0,9
BRDA:134,22,0,5
BRDA:138,23,0,4
BRDA:141,24,0,9
BRDA:147,25,0,9
BRDA:149,26,0,1
BRDA:151,27,0,8
BRDA:153,28,0,7
BRDA:159,29,0,16
BRDA:161,30,0,1
BRDA:163,31,0,15
BRDA:167,32,0,6
BRDA:168,33,0,2
BRDA:172,34,0,4
BRDA:179,35,0,3
BRDA:182,36,0,2
BRDA:189,37,0,1
BRDA:191,38,0,2
BRDA:199,39,0,9
BRDA:202,40,0,3
BRDA:205,41,0,6
BRDA:179,42,0,10
BRDA:179,43,0,5
BRDA:180,44,0,6
BRDA:209,45,0,18
BRDA:210,46,0,18
BRDA:216,47,0,27
BRDA:223,48,0,69
BRDA:256,49,0,5056
BRDA:262,50,0,9
BRDA:262,51,0,5047
BRDA:263,52,0,18
BRDA:263,53,0,5038
BRDA:264,54,0,12
BRDA:264,55,0,5044
BRDA:283,56,0,44
BRDA:284,57,0,6
BRDA:286,58,0,38
BRDA:292,59,0,16
BRDA:294,60,0,23
BRDA:295,61,0,21
BRDA:297,62,0,15
BRDA:301,63,0,1
BRDA:306,64,0,10
BRDA:310,65,0,8
BRDA:314,66,0,39
BRDA:315,67,0,6
BRDA:317,68,0,33
BRDA:322,69,0,106
BRDA:323,70,0,84
BRDA:325,71,0,92
BRDA:325,72,0,22
BRDA:328,73,0,3
BRDA:330,74,0,19
BRDA:335,75,0,92
BRDA:335,76,0,3
BRDA:337,77,0,16
BRDA:342,78,0,31
BRDA:343,79,0,6
BRDA:345,80,0,25
BRDA:350,81,0,9
BRDA:351,82,0,2
BRDA:351,83,0,7
BRDA:355,84,0,9
BRDA:356,85,0,5
BRDA:356,86,0,4
BRF:87
BRH:86
end_of_record
TN:
SF:src/components/PgnImportPane.tsx
FN:21,sanitizeMoves
FN:31,formatMoveSequence
FN:47,detectOpening
FN:70,buildScheduledMessage
FN:92,PgnImportPane
FN:108,paneContainsFocus
FN:113,handlePointerEnter
FN:117,handleFocusCapture
FN:121,handleBlurCapture
FN:132,handlePasteOption
FN:137,handlePgnChange
FN:161,handleConfirm
FN:177,handlePointerDown
FN:202,handler
FN:255,onChange
FN:271,onClick
FNF:16
FNH:16
FNDA:132,sanitizeMoves
FNDA:6,formatMoveSequence
FNDA:132,detectOpening
FNDA:4,buildScheduledMessage
FNDA:230,PgnImportPane
FNDA:2,paneContainsFocus
FNDA:32,handlePointerEnter
FNDA:18,handleFocusCapture
FNDA:14,handleBlurCapture
FNDA:6,handlePasteOption
FNDA:137,handlePgnChange
FNDA:4,handleConfirm
FNDA:19,handlePointerDown
FNDA:1,handler
FNDA:137,onChange
FNDA:4,onClick
DA:2,1
DA:4,1
DA:6,1
DA:19,1
DA:21,1
DA:22,132
DA:23,132
DA:24,132
DA:25,132
DA:26,132
DA:27,132
DA:28,132
DA:29,132
DA:31,1
DA:32,6
DA:33,6
DA:34,18
DA:35,18
DA:36,18
DA:37,18
DA:38,18
DA:39,18
DA:40,18
DA:41,12
DA:42,12
DA:43,18
DA:44,6
DA:45,6
DA:47,1
DA:48,132
DA:49,132
DA:50,114
DA:51,114
DA:53,18
DA:54,18
DA:55,18
DA:56,18
DA:58,132
DA:59,12
DA:60,12
DA:62,6
DA:63,6
DA:64,6
DA:65,6
DA:66,6
DA:67,6
DA:68,6
DA:70,1
DA:71,4
DA:72,4
DA:73,4
DA:75,4
DA:76,2
DA:77,2
DA:78,2
DA:79,1
DA:80,1
DA:81,2
DA:82,2
DA:84,2
DA:85,4
DA:86,4
DA:87,1
DA:88,1
DA:89,4
DA:90,4
DA:92,1
DA:93,230
DA:94,230
DA:95,230
DA:96,230
DA:97,230
DA:98,230
DA:99,230
DA:100,230
DA:101,230
DA:103,230
DA:104,4
DA:105,4
DA:106,230
DA:108,230
DA:109,2
DA:110,2
DA:111,2
DA:113,230
DA:114,32
DA:115,32
DA:117,230
DA:118,18
DA:119,18
DA:121,230
DA:122,14
DA:123,14
DA:124,12
DA:125,12
DA:127,10
DA:128,1
DA:129,1
DA:130,14
DA:132,230
DA:133,6
DA:134,6
DA:135,6
DA:137,230
DA:138,137
DA:139,137
DA:141,137
DA:142,5
DA:143,5
DA:144,5
DA:145,5
DA:147,132
DA:148,137
DA:149,6
DA:150,6
DA:151,6
DA:152,6
DA:154,126
DA:155,126
DA:156,126
DA:157,126
DA:158,126
DA:159,137
DA:161,230
DA:162,4
DA:163,4
DA:164,4
DA:166,4
DA:167,2
DA:168,2
DA:169,2
DA:170,4
DA:172,230
DA:173,46
DA:174,36
DA:175,36
DA:177,10
DA:178,19
DA:179,19
DA:180,0
DA:181,0
DA:183,19
DA:184,19
DA:185,17
DA:186,17
DA:188,2
DA:189,19
DA:191,10
DA:192,10
DA:193,10
DA:194,10
DA:195,230
DA:197,230
DA:198,33
DA:199,10
DA:200,10
DA:202,23
DA:203,1
DA:204,1
DA:205,1
DA:207,23
DA:208,23
DA:209,23
DA:210,23
DA:211,230
DA:213,230
DA:214,230
DA:215,230
DA:216,230
DA:217,230
DA:218,230
DA:219,230
DA:220,230
DA:222,230
DA:223,230
DA:224,230
DA:225,230
DA:226,230
DA:227,230
DA:228,230
DA:229,230
DA:231,230
DA:232,230
DA:233,230
DA:234,230
DA:235,230
DA:236,230
DA:237,230
DA:238,230
DA:239,230
DA:240,230
DA:241,230
DA:242,230
DA:243,230
DA:245,230
DA:247,230
DA:248,158
DA:249,158
DA:251,158
DA:252,158
DA:253,158
DA:254,158
DA:255,158
DA:256,137
DA:257,137
DA:258,158
DA:259,158
DA:260,158
DA:261,158
DA:262,13
DA:263,13
DA:264,13
DA:265,13
DA:266,13
DA:267,13
DA:268,13
DA:269,13
DA:270,13
DA:271,13
DA:272,4
DA:273,4
DA:274,13
DA:275,13
DA:276,13
DA:277,13
DA:278,145
DA:279,158
DA:280,72
DA:281,230
DA:282,230
DA:283,132
DA:284,132
DA:285,132
DA:287,132
DA:288,132
DA:289,98
DA:290,230
DA:291,230
DA:293,230
LF:239
LH:237
BRDA:21,0,0,132
BRDA:25,1,0,420
BRDA:26,2,0,420
BRDA:27,3,0,420
BRDA:28,4,0,420
BRDA:29,5,0,420
BRDA:31,6,0,6
BRDA:33,7,0,18
BRDA:40,8,0,12
BRDA:47,9,0,132
BRDA:49,10,0,114
BRDA:51,11,0,18
BRDA:58,12,0,12
BRDA:60,13,0,6
BRDA:53,14,0,90
BRDA:55,15,0,90
BRDA:70,16,0,4
BRDA:75,17,0,2
BRDA:77,18,0,1
BRDA:77,19,0,1
BRDA:78,20,0,1
BRDA:79,21,0,1
BRDA:85,22,0,1
BRDA:85,23,0,1
BRDA:86,24,0,1
BRDA:87,25,0,1
BRDA:92,26,0,230
BRDA:216,27,0,175
BRDA:216,28,0,55
BRDA:247,29,0,158
BRDA:261,30,0,13
BRDA:277,31,0,145
BRDA:279,32,0,72
BRDA:282,33,0,132
BRDA:285,34,0,126
BRDA:285,35,0,6
BRDA:288,36,0,98
BRDA:103,37,0,4
BRDA:108,38,0,2
BRDA:113,39,0,32
BRDA:117,40,0,18
BRDA:121,41,0,14
BRDA:123,42,0,12
BRDA:125,43,0,10
BRDA:125,44,0,2
BRDA:127,45,0,1
BRDA:132,46,0,6
BRDA:137,47,0,137
BRDA:141,48,0,5
BRDA:145,49,0,132
BRDA:148,50,0,6
BRDA:152,51,0,126
BRDA:161,52,0,4
BRDA:166,53,0,2
BRDA:172,54,0,46
BRDA:173,55,0,36
BRDA:175,56,0,10
BRDA:177,57,0,19
BRDA:179,58,0,0
BRDA:184,59,0,17
BRDA:186,60,0,2
BRDA:192,61,0,10
BRDA:197,62,0,33
BRDA:198,63,0,10
BRDA:200,64,0,23
BRDA:202,65,0,1
BRDA:208,66,0,23
BRDA:209,67,0,1
BRDA:255,68,0,137
BRDA:271,69,0,4
BRF:70
BRH:69
end_of_record
TN:
SF:src/components/ReviewDashboard.tsx
FN:12,MetricCard
FN:24,ReviewDashboard
FNF:2
FNH:2
FNDA:192,MetricCard
FNDA:48,ReviewDashboard
DA:4,1
DA:12,1
DA:13,192
DA:14,192
DA:15,192
DA:16,192
DA:17,192
DA:24,1
DA:25,48
DA:26,48
DA:27,48
DA:28,48
DA:30,48
DA:31,48
DA:32,48
DA:33,48
DA:34,48
DA:35,48
DA:36,48
DA:37,48
DA:38,48
DA:39,1
DA:40,47
DA:41,48
DA:42,48
DA:44,48
DA:45,48
DA:46,48
DA:47,48
DA:48,48
DA:49,48
DA:51,48
DA:52,48
DA:53,48
DA:54,48
DA:55,48
DA:57,48
DA:58,48
DA:59,48
DA:60,48
DA:61,48
DA:62,3
DA:63,45
DA:64,44
DA:65,1
DA:66,48
DA:67,48
DA:68,48
DA:69,48
DA:70,136
DA:71,136
DA:72,136
DA:73,136
DA:74,136
DA:75,136
DA:76,136
DA:77,136
DA:78,136
DA:79,48
DA:80,48
DA:81,48
DA:82,48
DA:84,48
LF:63
LH:63
BRDA:12,0,0,192
BRDA:16,1,0,48
BRDA:16,2,0,144
BRDA:24,3,0,48
BRDA:38,4,0,1
BRDA:39,5,0,47
BRDA:61,6,0,3
BRDA:62,7,0,45
BRDA:63,8,0,44
BRDA:64,9,0,1
BRDA:69,10,0,136
BRF:11
BRH:11
end_of_record
TN:
SF:src/components/helpers.ts
FNF:0
FNH:0
DA:1,1
LF:1
LH:1
BRF:0
BRH:0
end_of_record
TN:
SF:src/components/_helpers/set_error_square_state.ts
FN:4,setErrorSquareState
FNF:1
FNH:1
FNDA:71,setErrorSquareState
DA:4,1
DA:5,71
DA:6,71
DA:7,71
DA:8,71
DA:9,71
DA:10,71
DA:11,71
DA:12,25
DA:13,25
DA:15,71
DA:16,10
DA:17,71
DA:18,36
DA:19,36
DA:20,71
DA:22,1
LF:17
LH:17
BRDA:4,0,0,71
BRDA:11,1,0,25
BRDA:13,2,0,46
BRDA:15,3,0,10
BRDA:17,4,0,36
BRF:5
BRH:5
end_of_record
TN:
SF:src/fixtures/sampleSnapshot.ts
FNF:0
FNH:0
DA:3,1
DA:4,1
DA:5,1
DA:6,1
DA:7,1
DA:8,1
DA:9,1
DA:10,1
DA:11,1
DA:12,1
DA:13,1
DA:14,1
DA:15,1
DA:16,1
DA:17,1
DA:18,1
DA:19,1
DA:20,1
DA:21,1
DA:22,1
DA:23,1
DA:24,1
DA:25,1
DA:26,1
DA:27,1
DA:28,1
LF:26
LH:26
BRF:0
BRH:0
end_of_record
TN:
SF:src/pages/BlankBoardPage.tsx
FN:21,BlankBoardPage
FN:56,getBoardPosition
FN:59,syncBoard
FN:71,clearSelection
FN:76,restoreSelectionIndicator
FN:85,selectSquare
FN:90,attemptMove
FN:118,handleDrop
FN:130,extractSquareFromEvent
FN:149,handleClick
FNF:10
FNH:10
FNDA:16,BlankBoardPage
FNDA:30,getBoardPosition
FNDA:30,syncBoard
FNDA:7,clearSelection
FNDA:11,restoreSelectionIndicator
FNDA:5,selectSquare
FNDA:16,attemptMove
FNDA:13,handleDrop
FNDA:8,extractSquareFromEvent
FNDA:8,handleClick
DA:1,1
DA:3,1
DA:6,1
DA:18,1
DA:19,1
DA:21,1
DA:22,16
DA:23,16
DA:24,16
DA:26,16
DA:27,16
DA:28,14
DA:29,14
DA:30,14
DA:31,14
DA:32,14
DA:33,14
DA:34,14
DA:35,14
DA:36,14
DA:37,16
DA:38,16
DA:40,16
DA:41,16
DA:42,14
DA:43,14
DA:44,14
DA:45,14
DA:46,14
DA:47,16
DA:48,16
DA:50,16
DA:51,14
DA:52,14
DA:53,0
DA:54,0
DA:56,14
DA:57,30
DA:59,14
DA:60,30
DA:61,30
DA:63,30
DA:64,18
DA:65,18
DA:66,18
DA:68,12
DA:69,30
DA:71,14
DA:72,7
DA:73,7
DA:74,7
DA:76,14
DA:77,11
DA:78,11
DA:79,3
DA:80,11
DA:81,8
DA:82,8
DA:83,11
DA:85,14
DA:86,5
DA:87,5
DA:88,5
DA:90,14
DA:91,16
DA:92,16
DA:93,16
DA:94,16
DA:95,16
DA:96,16
DA:97,16
DA:98,16
DA:99,16
DA:100,16
DA:101,16
DA:102,16
DA:103,10
DA:104,10
DA:106,16
DA:107,10
DA:108,10
DA:109,10
DA:110,10
DA:111,10
DA:113,6
DA:114,6
DA:115,6
DA:116,16
DA:118,14
DA:119,13
DA:120,13
DA:121,0
DA:122,0
DA:124,13
DA:125,13
DA:126,13
DA:127,13
DA:128,13
DA:130,14
DA:131,8
DA:132,0
DA:133,0
DA:135,8
DA:136,8
DA:137,8
DA:138,8
DA:139,8
DA:140,8
DA:141,8
DA:142,8
DA:143,8
DA:144,8
DA:146,0
DA:147,8
DA:149,14
DA:150,8
DA:151,8
DA:152,0
DA:153,0
DA:154,0
DA:156,8
DA:157,8
DA:159,8
DA:160,4
DA:161,0
DA:162,0
DA:163,0
DA:165,4
DA:166,4
DA:167,4
DA:169,8
DA:170,1
DA:171,1
DA:172,1
DA:174,3
DA:175,8
DA:176,1
DA:177,1
DA:179,8
DA:180,1
DA:181,1
DA:182,0
DA:183,1
DA:184,1
DA:185,1
DA:186,8
DA:188,14
DA:189,14
DA:190,14
DA:191,14
DA:193,14
DA:194,14
DA:195,14
DA:196,14
DA:197,14
DA:198,14
DA:199,16
DA:201,16
DA:202,16
DA:203,16
DA:204,16
DA:205,16
DA:206,16
DA:207,16
DA:208,16
DA:209,16
DA:211,16
LF:167
LH:153
BRDA:21,0,0,16
BRDA:27,1,0,14
BRDA:41,2,0,14
BRDA:50,3,0,14
BRDA:52,4,0,0
BRDA:56,5,0,30
BRDA:57,6,0,18
BRDA:57,7,0,12
BRDA:59,8,0,30
BRDA:63,9,0,18
BRDA:66,10,0,12
BRDA:71,11,0,7
BRDA:76,12,0,11
BRDA:78,13,0,3
BRDA:80,14,0,8
BRDA:85,15,0,5
BRDA:90,16,0,16
BRDA:102,17,0,10
BRDA:106,18,0,10
BRDA:107,19,0,1
BRDA:111,20,0,6
BRDA:118,21,0,13
BRDA:120,22,0,0
BRDA:130,23,0,8
BRDA:131,24,0,0
BRDA:144,25,0,0
BRDA:149,26,0,8
BRDA:151,27,0,0
BRDA:159,28,0,4
BRDA:160,29,0,0
BRDA:169,30,0,1
BRDA:172,31,0,3
BRDA:175,32,0,1
BRDA:177,33,0,2
BRDA:179,34,0,1
BRDA:179,35,0,1
BRDA:181,36,0,0
BRDA:195,37,0,14
BRF:38
BRH:31
end_of_record
TN:
SF:src/pages/DashboardPage.tsx
FN:18,buildLinkClass
FN:21,DashboardPage
FNF:2
FNH:2
FNDA:44,buildLinkClass
FNDA:44,DashboardPage
DA:2,1
DA:4,1
DA:5,1
DA:18,1
DA:19,44
DA:21,1
DA:22,44
DA:23,44
DA:24,44
DA:25,44
DA:26,44
DA:27,44
DA:28,44
DA:29,44
DA:30,44
DA:31,44
DA:32,44
DA:33,44
DA:34,44
DA:35,44
DA:36,44
DA:37,44
DA:39,44
DA:40,44
DA:41,44
LF:25
LH:25
BRDA:18,0,0,44
BRDA:19,1,0,43
BRDA:19,2,0,1
BRDA:21,3,0,44
BRDA:36,4,0,43
BRDA:36,5,0,1
BRF:6
BRH:6
end_of_record
TN:
SF:src/pages/OpeningReviewPage.tsx
FN:16,GradeButtons
FN:22,onClick
FN:32,OpeningReviewPage
FNF:3
FNH:3
FNDA:4,GradeButtons
FNDA:2,onClick
FNDA:6,OpeningReviewPage
DA:2,1
DA:4,1
DA:7,1
DA:16,1
DA:17,4
DA:18,4
DA:19,16
DA:20,16
DA:21,16
DA:22,16
DA:23,2
DA:24,2
DA:26,16
DA:27,16
DA:28,16
DA:29,4
DA:32,1
DA:33,6
DA:34,6
DA:35,6
DA:36,6
DA:37,6
DA:38,6
DA:39,6
DA:40,6
DA:42,6
DA:43,6
DA:44,6
DA:45,4
DA:46,4
DA:47,4
DA:48,4
DA:49,4
DA:50,4
DA:51,4
DA:52,4
DA:53,4
DA:55,2
DA:57,6
LF:39
LH:39
BRDA:16,0,0,4
BRDA:18,1,0,16
BRDA:22,2,0,2
BRDA:32,3,0,6
BRDA:44,4,0,4
BRDA:53,5,0,2
BRF:6
BRH:6
end_of_record
TN:
SF:src/services/ReviewPlanner.ts
FN:99,predicate
FN:113,buildOverview
FN:146,assertSnapshot
FN:156,assessBacklog
FN:172,assessAccuracy
FN:184,deriveRecommendation
FNF:6
FNH:6
FNDA:3,predicate
FNDA:12,buildOverview
FNDA:12,assertSnapshot
FNDA:10,assessBacklog
FNDA:10,assessAccuracy
FNDA:10,deriveRecommendation
DA:54,1
DA:55,1
DA:56,1
DA:57,1
DA:58,1
DA:59,1
DA:60,1
DA:61,1
DA:62,1
DA:63,1
DA:64,1
DA:65,1
DA:66,1
DA:67,1
DA:68,1
DA:69,1
DA:70,1
DA:71,1
DA:72,1
DA:73,1
DA:74,1
DA:75,1
DA:76,1
DA:77,1
DA:78,1
DA:79,1
DA:80,1
DA:81,1
DA:82,1
DA:83,1
DA:84,1
DA:85,1
DA:86,1
DA:87,1
DA:88,1
DA:89,1
DA:90,1
DA:91,1
DA:92,1
DA:93,1
DA:94,1
DA:95,1
DA:96,1
DA:97,1
DA:98,1
DA:99,1
DA:100,1
DA:101,1
DA:102,1
DA:103,1
DA:104,1
DA:105,1
DA:107,1
DA:108,1
DA:109,1
DA:110,1
DA:112,1
DA:113,1
DA:114,12
DA:116,12
DA:117,12
DA:118,12
DA:120,12
DA:121,12
DA:122,12
DA:123,12
DA:124,12
DA:125,12
DA:126,12
DA:127,12
DA:129,12
DA:130,12
DA:131,12
DA:132,12
DA:133,12
DA:134,12
DA:135,12
DA:136,12
DA:137,12
DA:138,12
DA:139,12
DA:140,12
DA:141,12
DA:142,12
DA:143,12
DA:144,12
DA:146,1
DA:147,12
DA:148,1
DA:149,1
DA:151,12
DA:152,1
DA:153,1
DA:154,12
DA:156,1
DA:157,10
DA:158,5
DA:159,5
DA:161,10
DA:162,2
DA:163,2
DA:165,10
DA:166,2
DA:167,2
DA:169,1
DA:170,10
DA:172,1
DA:173,10
DA:174,4
DA:175,4
DA:177,10
DA:178,3
DA:179,3
DA:181,3
DA:182,10
DA:184,1
DA:185,10
DA:186,44
DA:187,26
DA:188,26
DA:190,44
DA:191,8
DA:192,8
DA:194,44
DA:195,2
DA:196,2
DA:198,8
DA:199,10
DA:201,10
DA:202,10
DA:203,1
LF:131
LH:131
BRDA:99,0,0,3
BRDA:99,1,0,1
BRDA:113,2,0,12
BRDA:118,3,0,1
BRDA:118,4,0,9
BRDA:146,5,0,12
BRDA:147,6,0,11
BRDA:147,7,0,1
BRDA:149,8,0,11
BRDA:151,9,0,1
BRDA:156,10,0,10
BRDA:157,11,0,5
BRDA:161,12,0,3
BRDA:161,13,0,2
BRDA:165,14,0,2
BRDA:167,15,0,1
BRDA:172,16,0,10
BRDA:173,17,0,4
BRDA:175,18,0,6
BRDA:177,19,0,3
BRDA:184,20,0,10
BRDA:201,21,0,8
BRDA:201,22,0,2
BRDA:185,23,0,44
BRDA:186,24,0,32
BRDA:186,25,0,43
BRDA:186,26,0,26
BRDA:188,27,0,18
BRDA:190,28,0,11
BRDA:190,29,0,8
BRDA:192,30,0,10
BRDA:194,31,0,3
BRDA:194,32,0,2
BRDA:196,33,0,8
BRF:34
BRH:34
end_of_record
TN:
SF:src/state/sessionStore.ts
FN:29,start
FN:41,submitGrade
FN:50,nextCard
FN:55,setState
FN:63,getState
FN:64,setState
FN:67,subscribe
FNF:7
FNH:7
FNDA:1,start
FNDA:2,submitGrade
FNDA:1,nextCard
FNDA:10,setState
FNDA:8,getState
FNDA:7,setState
FNDA:1,subscribe
DA:1,1
DA:18,1
DA:20,1
DA:21,1
DA:22,1
DA:23,1
DA:24,1
DA:25,1
DA:27,1
DA:28,1
DA:29,1
DA:30,1
DA:31,1
DA:32,1
DA:33,1
DA:34,1
DA:35,1
DA:36,1
DA:37,1
DA:38,1
DA:39,1
DA:40,1
DA:41,1
DA:42,2
DA:43,1
DA:44,1
DA:45,1
DA:46,1
DA:47,1
DA:48,1
DA:49,2
DA:50,1
DA:51,1
DA:52,1
DA:53,1
DA:55,10
DA:56,10
DA:57,10
DA:58,1
DA:59,10
DA:60,10
DA:62,1
DA:63,1
DA:64,1
DA:65,7
DA:66,7
DA:67,1
DA:68,1
DA:69,1
DA:70,1
DA:71,1
DA:72,1
DA:73,1
LF:53
LH:53
BRDA:29,0,0,1
BRDA:41,1,0,2
BRDA:42,2,0,1
BRDA:50,3,0,1
BRDA:55,4,0,10
BRDA:57,5,0,1
BRDA:63,6,0,8
BRDA:64,7,0,7
BRDA:67,8,0,1
BRDA:69,9,0,1
BRF:10
BRH:10
end_of_record
TN:
SF:src/utils/commandDispatcher.ts
FN:17,createCommandDispatcher
FN:24,register
FN:37,dispatch
FNF:3
FNH:3
FNDA:54,createCommandDispatcher
FNDA:124,register
FNDA:16,dispatch
DA:17,1
DA:18,54
DA:19,54
DA:20,54
DA:21,54
DA:22,54
DA:24,54
DA:25,124
DA:26,124
DA:27,2
DA:28,2
DA:29,122
DA:30,122
DA:31,124
DA:33,54
DA:34,95
DA:35,54
DA:37,54
DA:38,16
DA:39,16
DA:40,1
DA:41,1
DA:43,15
DA:44,15
DA:46,16
DA:47,5
DA:48,5
DA:49,5
DA:51,10
DA:53,16
DA:54,2
DA:55,2
DA:56,16
DA:58,54
DA:59,54
LF:35
LH:35
BRDA:17,0,0,54
BRDA:33,1,0,48
BRDA:24,2,0,124
BRDA:26,3,0,2
BRDA:28,4,0,122
BRDA:33,5,0,95
BRDA:37,6,0,16
BRDA:39,7,0,1
BRDA:41,8,0,15
BRDA:46,9,0,13
BRDA:46,10,0,5
BRDA:49,11,0,10
BRDA:53,12,0,3
BRDA:53,13,0,2
BRF:14
BRH:14
end_of_record
TN:
SF:src/utils/formatUnlockDate.ts
FN:13,formatUnlockDate
FNF:1
FNH:1
FNDA:142,formatUnlockDate
DA:1,1
DA:5,1
DA:6,1
DA:7,1
DA:8,1
DA:9,1
DA:11,1
DA:13,1
DA:14,142
DA:15,142
DA:16,142
DA:17,142
DA:19,142
DA:21,142
DA:22,4
DA:23,4
DA:26,138
DA:27,138
DA:28,138
DA:29,138
DA:30,138
LF:21
LH:21
BRDA:13,0,0,142
BRDA:17,1,0,136
BRDA:17,2,0,6
BRDA:21,3,0,139
BRDA:21,4,0,4
BRDA:23,5,0,138
BRF:6
BRH:6
end_of_record
