TN:
SF:src/broadcaster.ts
FN:5,toJson
FN:7,sendSafe
FN:19,createBroadcaster
FN:22,ensureChannel
FN:33,register
FN:36,unregister
FN:46,broadcast
FNF:7
FNH:7
FNDA:5,toJson
FNDA:6,sendSafe
FNDA:22,createBroadcaster
FNDA:7,ensureChannel
FNDA:7,register
FNDA:6,unregister
FNDA:13,broadcast
DA:5,1
DA:7,1
DA:8,6
DA:9,5
DA:10,5
DA:11,6
DA:19,1
DA:20,22
DA:22,22
DA:23,7
DA:24,7
DA:25,2
DA:26,2
DA:27,5
DA:28,5
DA:29,5
DA:30,7
DA:32,22
DA:33,22
DA:34,7
DA:35,7
DA:36,22
DA:37,6
DA:38,6
DA:39,1
DA:40,1
DA:41,5
DA:42,6
DA:43,4
DA:44,4
DA:45,6
DA:46,22
DA:47,13
DA:48,13
DA:49,8
DA:50,8
DA:51,5
DA:52,13
DA:53,22
DA:54,22
LF:40
LH:40
BRDA:5,0,0,5
BRDA:7,1,0,6
BRDA:8,2,0,5
BRDA:19,3,0,22
BRDA:22,4,0,7
BRDA:24,5,0,5
BRDA:24,6,0,2
BRDA:33,7,0,7
BRDA:36,8,0,6
BRDA:38,9,0,1
BRDA:40,10,0,5
BRDA:42,11,0,4
BRDA:46,12,0,13
BRDA:48,13,0,8
BRDA:50,14,0,5
BRDA:51,15,0,6
BRF:16
BRH:16
end_of_record
TN:
SF:src/config.ts
FN:16,loadConfig
FNF:1
FNH:1
FNDA:3,loadConfig
DA:1,1
DA:3,1
DA:4,1
DA:5,1
DA:6,1
DA:7,1
DA:8,1
DA:9,1
DA:10,1
DA:11,1
DA:12,1
DA:16,1
LF:12
LH:12
BRDA:8,0,0,3
BRDA:16,1,0,3
BRF:2
BRH:2
end_of_record
TN:
SF:src/server.ts
FN:28,jsonError
FN:33,asyncHandler
FN:38,createGatewayServer
FN:123,attach
FNF:4
FNH:4
FNDA:8,jsonError
FNDA:64,asyncHandler
FNDA:16,createGatewayServer
FNDA:16,attach
DA:1,1
DA:3,1
DA:4,1
DA:5,1
DA:6,1
DA:9,1
DA:10,1
DA:11,1
DA:13,1
DA:14,1
DA:15,1
DA:16,1
DA:17,1
DA:18,1
DA:20,1
DA:21,1
DA:22,1
DA:24,1
DA:25,1
DA:26,1
DA:28,1
DA:29,8
DA:30,8
DA:32,1
DA:33,1
DA:34,64
DA:35,27
DA:36,27
DA:38,1
DA:39,16
DA:40,16
DA:41,16
DA:42,16
DA:44,16
DA:45,16
DA:46,16
DA:47,11
DA:48,11
DA:49,1
DA:50,1
DA:51,1
DA:52,10
DA:53,10
DA:54,10
DA:55,10
DA:56,16
DA:57,16
DA:59,16
DA:60,16
DA:61,16
DA:62,9
DA:63,9
DA:64,2
DA:65,2
DA:66,2
DA:67,7
DA:68,7
DA:69,7
DA:70,7
DA:71,7
DA:72,7
DA:73,7
DA:74,4
DA:75,9
DA:76,3
DA:77,2
DA:78,2
DA:79,2
DA:80,2
DA:81,2
DA:82,1
DA:83,1
DA:84,16
DA:85,16
DA:87,16
DA:88,16
DA:89,16
DA:90,4
DA:91,4
DA:92,1
DA:93,1
DA:94,1
DA:95,3
DA:96,4
DA:97,1
DA:98,1
DA:99,1
DA:100,2
DA:101,16
DA:102,16
DA:104,16
DA:105,16
DA:106,16
DA:107,3
DA:108,3
DA:109,1
DA:110,1
DA:111,1
DA:112,2
DA:113,2
DA:114,16
DA:115,16
DA:117,16
DA:118,1
DA:119,16
DA:121,16
DA:123,16
DA:124,16
DA:125,5
DA:126,5
DA:127,5
DA:128,5
DA:131,5
DA:132,5
DA:133,1
DA:134,1
DA:135,5
DA:136,5
DA:137,2
DA:138,2
DA:139,2
DA:140,3
DA:141,3
DA:142,3
DA:143,3
DA:144,16
DA:145,16
DA:147,16
DA:148,16
LF:129
LH:129
BRDA:28,0,0,8
BRDA:33,1,0,64
BRDA:34,2,0,27
BRDA:38,3,0,16
BRDA:46,4,0,11
BRDA:48,5,0,1
BRDA:51,6,0,10
BRDA:61,7,0,9
BRDA:63,8,0,2
BRDA:66,9,0,7
BRDA:73,10,0,4
BRDA:75,11,0,3
BRDA:76,12,0,2
BRDA:81,13,0,1
BRDA:89,14,0,4
BRDA:91,15,0,1
BRDA:94,16,0,3
BRDA:96,17,0,1
BRDA:99,18,0,2
BRDA:106,19,0,3
BRDA:108,20,0,1
BRDA:111,21,0,2
BRDA:117,22,0,1
BRDA:123,23,0,16
BRDA:124,24,0,5
BRDA:126,25,0,1
BRDA:136,26,0,2
BRDA:139,27,0,3
BRDA:127,28,0,5
BRDA:130,29,0,1
BRDA:132,30,0,1
BRDA:140,31,0,3
BRDA:142,32,0,3
BRF:33
BRH:33
end_of_record
TN:
SF:src/sessionService.ts
FN:11,initialStats
FN:17,isCorrect
FN:19,computeAccuracy
FN:22,noop
FN:44,applyGrade
FN:66,createSessionService
FN:77,start
FN:93,grade
FN:114,stats
FN:118,end
FNF:10
FNH:10
FNDA:11,initialStats
FNDA:6,isCorrect
FNDA:6,computeAccuracy
FNDA:14,noop
FNDA:6,applyGrade
FNDA:20,createSessionService
FNDA:11,start
FNDA:10,grade
FNDA:4,stats
FNDA:3,end
DA:1,1
DA:11,1
DA:12,11
DA:13,11
DA:14,11
DA:15,11
DA:17,1
DA:19,1
DA:20,6
DA:22,1
DA:44,1
DA:45,6
DA:46,6
DA:47,6
DA:48,6
DA:49,6
DA:50,6
DA:51,6
DA:52,6
DA:53,6
DA:54,6
DA:55,6
DA:56,6
DA:57,6
DA:58,6
DA:59,6
DA:60,6
DA:61,6
DA:62,6
DA:63,6
DA:64,6
DA:66,1
DA:67,20
DA:68,20
DA:69,20
DA:70,20
DA:71,20
DA:72,20
DA:73,20
DA:74,20
DA:76,20
DA:77,20
DA:78,11
DA:79,11
DA:80,11
DA:81,11
DA:82,11
DA:83,11
DA:84,11
DA:85,11
DA:86,11
DA:87,11
DA:88,11
DA:89,11
DA:90,11
DA:91,11
DA:92,11
DA:93,20
DA:94,10
DA:95,10
DA:96,3
DA:97,3
DA:98,7
DA:99,7
DA:100,7
DA:101,7
DA:102,7
DA:103,7
DA:104,6
DA:105,6
DA:106,6
DA:107,6
DA:108,6
DA:109,6
DA:110,6
DA:111,6
DA:112,6
DA:113,10
DA:114,20
DA:115,4
DA:116,4
DA:117,4
DA:118,20
DA:119,3
DA:120,3
DA:121,3
DA:122,3
DA:123,20
DA:124,20
LF:89
LH:89
BRDA:11,0,0,11
BRDA:17,1,0,6
BRDA:19,2,0,6
BRDA:20,3,0,1
BRDA:20,4,0,5
BRDA:22,5,0,14
BRDA:44,6,0,6
BRDA:54,7,0,4
BRDA:54,8,0,2
BRDA:66,9,0,20
BRDA:77,10,0,11
BRDA:80,11,0,1
BRDA:93,12,0,10
BRDA:95,13,0,7
BRDA:95,14,0,7
BRDA:95,15,0,3
BRDA:97,16,0,9
BRDA:97,17,0,7
BRDA:103,18,0,6
BRDA:104,19,0,6
BRDA:114,20,0,4
BRDA:116,21,0,3
BRDA:118,22,0,3
BRF:23
BRH:23
end_of_record
TN:
SF:src/clients/httpSchedulerClient.ts
FN:8,ensureOk
FN:15,parseJson
FN:20,createHttpSchedulerClient
FN:28,fetchQueue
FN:38,gradeCard
FNF:5
FNH:5
FNDA:11,ensureOk
FNDA:9,parseJson
FNDA:6,createHttpSchedulerClient
FNDA:7,fetchQueue
FNDA:4,gradeCard
DA:8,1
DA:9,11
DA:10,2
DA:11,2
DA:12,2
DA:13,11
DA:15,1
DA:16,9
DA:17,9
DA:18,9
DA:20,1
DA:21,6
DA:22,6
DA:23,6
DA:24,6
DA:25,6
DA:27,6
DA:28,6
DA:29,7
DA:30,7
DA:31,7
DA:32,7
DA:33,7
DA:34,7
DA:35,6
DA:36,7
DA:37,7
DA:38,6
DA:39,4
DA:40,4
DA:41,4
DA:42,4
DA:43,4
DA:44,4
DA:45,4
DA:46,4
DA:47,4
DA:48,4
DA:49,4
DA:50,3
DA:51,4
DA:52,4
DA:53,6
DA:54,6
LF:44
LH:44
BRDA:8,0,0,11
BRDA:9,1,0,2
BRDA:15,2,0,9
BRDA:17,3,0,7
BRDA:17,4,0,2
BRDA:20,5,0,6
BRDA:23,6,0,2
BRDA:28,7,0,7
BRDA:34,8,0,6
BRDA:36,9,0,4
BRDA:38,10,0,4
BRDA:49,11,0,3
BRDA:51,12,0,2
BRF:13
BRH:13
end_of_record
TN:
SF:src/stores/inMemoryStore.ts
FN:3,createInMemorySessionStore
FN:6,create
FN:9,get
FN:12,update
FN:21,delete
FNF:5
FNH:5
FNDA:3,createInMemorySessionStore
FNDA:1,create
FNDA:2,get
FNDA:2,update
FNDA:1,delete
DA:3,1
DA:4,3
DA:5,3
DA:6,3
DA:7,1
DA:8,1
DA:9,3
DA:10,2
DA:11,2
DA:12,3
DA:13,2
DA:14,2
DA:15,1
DA:16,1
DA:17,1
DA:18,1
DA:19,1
DA:20,2
DA:21,3
DA:22,1
DA:23,1
DA:24,3
DA:25,3
LF:23
LH:23
BRDA:3,0,0,3
BRDA:6,1,0,1
BRDA:9,2,0,2
BRDA:12,3,0,2
BRDA:14,4,0,1
BRDA:21,5,0,1
BRF:6
BRH:6
end_of_record
